[handleMsg]:  {
  key: {
    remoteJid: '59894655826@s.whatsapp.net',
    fromMe: false,
    id: '5F24DBF0806DF63851EE29400FAF2355',
    participant: undefined
  },
  messageTimestamp: 1716147359,
  pushName: 'Boris Garc칤a',
  broadcast: false,
  message: Message {
    conversation: 'planes',
    messageContextInfo: MessageContextInfo {
      deviceListMetadata: [DeviceListMetadata],
      deviceListMetadataVersion: 2
    }
  },
  body: 'planes',
  from: '59894655826'
}
[QUEUE_SE_ENVIO]:  {
  ref: 'ans_030480c4-b1ee-41fc-bc40-9095e8941340',
  keyword: 'key_aa23598e-126f-442b-8f82-2f0de85cf8be',
  answer: '游뗿 Hola bienvenido! As칤 que quieres conocer los planes, sigue las instrucciones abajo:',
  options: {
    media: null,
    buttons: [],
    capture: false,
    child: null,
    delay: 0,
    idle: null,
    ref: null,
    nested: [],
    keyword: {},
    callback: false
  },
  refSerialize: '5d77c96d938b528f68f864fa5fd39f64'
}
[QUEUE_SE_ENVIO]:  {
  ref: 'ans_4a901631-db36-4e86-88a3-fbc9431920db',
  keyword: 'ans_030480c4-b1ee-41fc-bc40-9095e8941340',
  answer: 'Escribe "basico" para conocer el Plan B치sico.',
  options: {
    media: null,
    buttons: [],
    capture: false,
    child: null,
    delay: 0,
    idle: null,
    ref: null,
    nested: [],
    keyword: {},
    callback: false
  },
  refSerialize: '75d9ef391b6de1283b891600f2dcd6bf'
}
[QUEUE_SE_ENVIO]:  {
  ref: 'ans_881e7805-75cb-4faf-ad73-95864bc51450',
  keyword: 'ans_4a901631-db36-4e86-88a3-fbc9431920db',
  answer: 'Escribe "intermedio" para conocer el Plan Intermedio.',
  options: {
    media: null,
    buttons: [],
    capture: false,
    child: null,
    delay: 0,
    idle: null,
    ref: null,
    nested: [],
    keyword: {},
    callback: false
  },
  refSerialize: '3bfc87b61fd84386ea743245ec414f9d'
}
[QUEUE_SE_ENVIO]:  {
  ref: 'ans_1cdd75af-8f39-4925-9768-86165448e2a8',
  keyword: 'ans_881e7805-75cb-4faf-ad73-95864bc51450',
  answer: 'Escribe "profesional" para conocer el Plan Profesional.',
  options: {
    media: null,
    buttons: [],
    capture: false,
    child: null,
    delay: 0,
    idle: null,
    ref: null,
    nested: [],
    keyword: {},
    callback: false
  },
  refSerialize: 'dc91b8b4610fc10f5e90d8f8a4447a01'
}
[handleMsg]:  {
  key: {
    remoteJid: '59894655826@s.whatsapp.net',
    fromMe: false,
    id: 'E9547C2EB85B16ADBF83997F4E3740C4',
    participant: undefined
  },
  messageTimestamp: 1716147366,
  pushName: 'Boris Garc칤a',
  broadcast: false,
  message: Message {
    conversation: 'basico',
    messageContextInfo: MessageContextInfo {
      deviceListMetadata: [DeviceListMetadata],
      deviceListMetadataVersion: 2
    }
  },
  body: 'basico',
  from: '59894655826'
}
[QUEUE_SE_ENVIO]:  {
  ref: 'ans_de877bd1-d9d1-411d-aa8c-5a3bd399024a',
  keyword: 'key_1f31a709-1317-42e5-9fc4-b622f8d980bb',
  answer: 'Plan B치sico - Ideal para emprendimientos y peque침as empresas:',
  options: {
    media: null,
    buttons: [],
    capture: false,
    child: null,
    delay: 0,
    idle: null,
    ref: null,
    nested: [],
    keyword: {},
    callback: false
  },
  refSerialize: '373e4e3543d885aab6c41c4b87f9baf7'
}
[QUEUE_SE_ENVIO]:  {
  ref: 'ans_06f155c8-3d39-46e7-81a2-4bd359e97324',
  keyword: 'ans_de877bd1-d9d1-411d-aa8c-5a3bd399024a',
  answer: '- Dise침o web responsivo adaptado a todos los dispositivos.',
  options: {
    media: null,
    buttons: [],
    capture: false,
    child: null,
    delay: 0,
    idle: null,
    ref: null,
    nested: [],
    keyword: {},
    callback: false
  },
  refSerialize: '477dc106866dd42148995dc7519eb558'
}
[QUEUE_SE_ENVIO]:  {
  ref: 'ans_8e53d9f9-0c44-4b4a-a8ca-7f4b6b154c65',
  keyword: 'ans_06f155c8-3d39-46e7-81a2-4bd359e97324',
  answer: '- Hasta 5 p치ginas incluidas (Inicio, Acerca de, Servicios, contacto, etc).',
  options: {
    media: null,
    buttons: [],
    capture: false,
    child: null,
    delay: 0,
    idle: null,
    ref: null,
    nested: [],
    keyword: {},
    callback: false
  },
  refSerialize: '6bbee2061c10e9ee4811908c1e3ba005'
}
[QUEUE_SE_ENVIO]:  {
  ref: 'ans_3d8aa7c2-d827-4ac3-95c8-3fcd4ecaa20a',
  keyword: 'ans_8e53d9f9-0c44-4b4a-a8ca-7f4b6b154c65',
  answer: '- Soporte t칠cnico b치sico.',
  options: {
    media: null,
    buttons: [],
    capture: false,
    child: null,
    delay: 0,
    idle: null,
    ref: null,
    nested: [],
    keyword: {},
    callback: false
  },
  refSerialize: '798e0506f22f00a3dd956aba1b49ba43'
}
[QUEUE_SE_ENVIO]:  {
  ref: 'ans_b0796bc1-dc67-4679-9e41-f92fae723351',
  keyword: 'ans_3d8aa7c2-d827-4ac3-95c8-3fcd4ecaa20a',
  answer: '- Optimizaci칩n b치sica SEO para mejorar tu visibilidad en Google.',
  options: {
    media: null,
    buttons: [],
    capture: false,
    child: null,
    delay: 0,
    idle: null,
    ref: null,
    nested: [],
    keyword: {},
    callback: false
  },
  refSerialize: 'dff781edef86f78674c500c83625033c'
}
[QUEUE_SE_ENVIO]:  {
  ref: 'ans_60605e6b-497e-47da-927f-65934d91d5be',
  keyword: 'ans_b0796bc1-dc67-4679-9e41-f92fae723351',
  answer: 'Este plan es perfecto si est치s empezando y necesitas una presencia online profesional y efectiva a un precio asequible.',
  options: {
    media: null,
    buttons: [],
    capture: false,
    child: null,
    delay: 0,
    idle: null,
    ref: null,
    nested: [],
    keyword: {},
    callback: false
  },
  refSerialize: '1c24b8a9f016a74e9e129c0befebaa98'
}
[handleMsg]:  {
  key: {
    remoteJid: '59894655826@s.whatsapp.net',
    fromMe: false,
    id: 'B137B6884304841174A91BD2AFE670CB',
    participant: undefined
  },
  messageTimestamp: 1716147381,
  pushName: 'Boris Garc칤a',
  broadcast: false,
  message: Message {
    conversation: 'profesional',
    messageContextInfo: MessageContextInfo {
      deviceListMetadata: [DeviceListMetadata],
      deviceListMetadataVersion: 2
    }
  },
  body: 'profesional',
  from: '59894655826'
}
[QUEUE_SE_ENVIO]:  {
  ref: 'ans_69d764fe-1d51-4498-96a2-ad4eeee82535',
  keyword: 'key_908788b1-82c7-4a98-a297-5e81dd65d26b',
  answer: 'Plan Profesional - Para empresas que demandan lo mejor:',
  options: {
    media: null,
    buttons: [],
    capture: false,
    child: null,
    delay: 0,
    idle: null,
    ref: null,
    nested: [],
    keyword: {},
    callback: false
  },
  refSerialize: 'aed90e05399d953752691ef082d7416c'
}
[QUEUE_SE_ENVIO]:  {
  ref: 'ans_c9df161f-f4c5-4471-be58-c76c58fef78d',
  keyword: 'ans_69d764fe-1d51-4498-96a2-ad4eeee82535',
  answer: '- Incluye todas las caracter칤sticas de los planes B치sico e Intermedio.',
  options: {
    media: null,
    buttons: [],
    capture: false,
    child: null,
    delay: 0,
    idle: null,
    ref: null,
    nested: [],
    keyword: {},
    callback: false
  },
  refSerialize: 'd7062ab81d717e50036af3aba26fbe36'
}
[QUEUE_SE_ENVIO]:  {
  ref: 'ans_7e506338-7215-40fd-9731-f2c268bab557',
  keyword: 'ans_c9df161f-f4c5-4471-be58-c76c58fef78d',
  answer: '- Sitio web con n칰mero ilimitado de p치ginas y contenido gestionable.',
  options: {
    media: null,
    buttons: [],
    capture: false,
    child: null,
    delay: 0,
    idle: null,
    ref: null,
    nested: [],
    keyword: {},
    callback: false
  },
  refSerialize: '685a0cdb05ea420fe7cb7f9fd0cdf65a'
}
[QUEUE_SE_ENVIO]:  {
  ref: 'ans_0e5c3535-9cb3-44ac-8098-43a261841fd5',
  keyword: 'ans_7e506338-7215-40fd-9731-f2c268bab557',
  answer: '- E-commerce completo con carrito de compras y pagos en l칤nea.',
  options: {
    media: null,
    buttons: [],
    capture: false,
    child: null,
    delay: 0,
    idle: null,
    ref: null,
    nested: [],
    keyword: {},
    callback: false
  },
  refSerialize: 'a43805c9e6bf8e89007d6c7223eb2847'
}
[QUEUE_SE_ENVIO]:  {
  ref: 'ans_ffa315bc-a5c6-4a4a-aa0b-7584b6085998',
  keyword: 'ans_0e5c3535-9cb3-44ac-8098-43a261841fd5',
  answer: '- Personalizaci칩n completa del dise침o y funcionalidades.',
  options: {
    media: null,
    buttons: [],
    capture: false,
    child: null,
    delay: 0,
    idle: null,
    ref: null,
    nested: [],
    keyword: {},
    callback: false
  },
  refSerialize: '2e25e24be8f16b8985ef4523f9543d4f'
}
[QUEUE_SE_ENVIO]:  {
  ref: 'ans_f1bc6d99-7382-4d35-a78a-bccd01cea1ee',
  keyword: 'ans_ffa315bc-a5c6-4a4a-aa0b-7584b6085998',
  answer: '- An치lisis de datos web detallados y reportes de rendimiento.',
  options: {
    media: null,
    buttons: [],
    capture: false,
    child: null,
    delay: 0,
    idle: null,
    ref: null,
    nested: [],
    keyword: {},
    callback: false
  },
  refSerialize: '051bbd8e7aa621e04625b242573b7fa7'
}
[QUEUE_SE_ENVIO]:  {
  ref: 'ans_155cea89-4a7e-450a-bbd7-dc3bfc74786d',
  keyword: 'ans_f1bc6d99-7382-4d35-a78a-bccd01cea1ee',
  answer: '- Soporte prioritario 24/7.',
  options: {
    media: null,
    buttons: [],
    capture: false,
    child: null,
    delay: 0,
    idle: null,
    ref: null,
    nested: [],
    keyword: {},
    callback: false
  },
  refSerialize: 'c3a5bf0fa341132fbefd4dcb8d82a823'
}
[QUEUE_SE_ENVIO]:  {
  ref: 'ans_b55cbe34-fede-4514-b9f5-37dcf9d5f751',
  keyword: 'ans_155cea89-4a7e-450a-bbd7-dc3bfc74786d',
  answer: '- Sesiones mensuales de revisi칩n de estrategia digital.',
  options: {
    media: null,
    buttons: [],
    capture: false,
    child: null,
    delay: 0,
    idle: null,
    ref: null,
    nested: [],
    keyword: {},
    callback: false
  },
  refSerialize: '4ff84d66d1db532706ce11b58c8ce9a1'
}
[QUEUE_SE_ENVIO]:  {
  ref: 'ans_995bae83-7c4e-4fb7-ba89-e42a5e4b162a',
  keyword: 'ans_b55cbe34-fede-4514-b9f5-37dcf9d5f751',
  answer: 'Recomendado para grandes empresas que requieren una soluci칩n integral y personalizada para dominar su mercado online.',
  options: {
    media: null,
    buttons: [],
    capture: false,
    child: null,
    delay: 0,
    idle: null,
    ref: null,
    nested: [],
    keyword: {},
    callback: false
  },
  refSerialize: 'cc808582dfd970e5c5a16ffd41a9f444'
}
[handleMsg]:  {
  key: {
    remoteJid: '59894655826@s.whatsapp.net',
    fromMe: false,
    id: '647D2303E1782C6326FAA1991FC65F1B',
    participant: undefined
  },
  messageTimestamp: 1716147388,
  pushName: 'Boris Garc칤a',
  broadcast: false,
  message: Message {
    conversation: 'planes',
    messageContextInfo: MessageContextInfo {
      deviceListMetadata: [DeviceListMetadata],
      deviceListMetadataVersion: 2
    }
  },
  body: 'planes',
  from: '59894655826'
}
[QUEUE_SE_ENVIO]:  {
  ref: 'ans_030480c4-b1ee-41fc-bc40-9095e8941340',
  keyword: 'key_aa23598e-126f-442b-8f82-2f0de85cf8be',
  answer: '游뗿 Hola bienvenido! As칤 que quieres conocer los planes, sigue las instrucciones abajo:',
  options: {
    media: null,
    buttons: [],
    capture: false,
    child: null,
    delay: 0,
    idle: null,
    ref: null,
    nested: [],
    keyword: {},
    callback: false
  },
  refSerialize: '5d77c96d938b528f68f864fa5fd39f64'
}
[QUEUE_SE_ENVIO]:  {
  ref: 'ans_4a901631-db36-4e86-88a3-fbc9431920db',
  keyword: 'ans_030480c4-b1ee-41fc-bc40-9095e8941340',
  answer: 'Escribe "basico" para conocer el Plan B치sico.',
  options: {
    media: null,
    buttons: [],
    capture: false,
    child: null,
    delay: 0,
    idle: null,
    ref: null,
    nested: [],
    keyword: {},
    callback: false
  },
  refSerialize: '75d9ef391b6de1283b891600f2dcd6bf'
}
[QUEUE_SE_ENVIO]:  {
  ref: 'ans_881e7805-75cb-4faf-ad73-95864bc51450',
  keyword: 'ans_4a901631-db36-4e86-88a3-fbc9431920db',
  answer: 'Escribe "intermedio" para conocer el Plan Intermedio.',
  options: {
    media: null,
    buttons: [],
    capture: false,
    child: null,
    delay: 0,
    idle: null,
    ref: null,
    nested: [],
    keyword: {},
    callback: false
  },
  refSerialize: '3bfc87b61fd84386ea743245ec414f9d'
}
[QUEUE_SE_ENVIO]:  {
  ref: 'ans_1cdd75af-8f39-4925-9768-86165448e2a8',
  keyword: 'ans_881e7805-75cb-4faf-ad73-95864bc51450',
  answer: 'Escribe "profesional" para conocer el Plan Profesional.',
  options: {
    media: null,
    buttons: [],
    capture: false,
    child: null,
    delay: 0,
    idle: null,
    ref: null,
    nested: [],
    keyword: {},
    callback: false
  },
  refSerialize: 'dc91b8b4610fc10f5e90d8f8a4447a01'
}
