59894655826:ENCOLADO ans_030480c4-b1ee-41fc-bc40-9095e8941340
EJECUTANDO:ans_030480c4-b1ee-41fc-bc40-9095e8941340
59894655826:SUCCESS
59894655826:ENCOLADO ans_4a901631-db36-4e86-88a3-fbc9431920db
EJECUTANDO:ans_4a901631-db36-4e86-88a3-fbc9431920db
59894655826:SUCCESS
59894655826:ENCOLADO ans_881e7805-75cb-4faf-ad73-95864bc51450
EJECUTANDO:ans_881e7805-75cb-4faf-ad73-95864bc51450
59894655826:SUCCESS
59894655826:ENCOLADO ans_1cdd75af-8f39-4925-9768-86165448e2a8
EJECUTANDO:ans_1cdd75af-8f39-4925-9768-86165448e2a8
59894655826:SUCCESS
59894655826:ENCOLADO ans_de877bd1-d9d1-411d-aa8c-5a3bd399024a
EJECUTANDO:ans_de877bd1-d9d1-411d-aa8c-5a3bd399024a
59894655826:SUCCESS
59894655826:ENCOLADO ans_06f155c8-3d39-46e7-81a2-4bd359e97324
EJECUTANDO:ans_06f155c8-3d39-46e7-81a2-4bd359e97324
59894655826:SUCCESS
59894655826:ENCOLADO ans_8e53d9f9-0c44-4b4a-a8ca-7f4b6b154c65
EJECUTANDO:ans_8e53d9f9-0c44-4b4a-a8ca-7f4b6b154c65
59894655826:SUCCESS
59894655826:ENCOLADO ans_3d8aa7c2-d827-4ac3-95c8-3fcd4ecaa20a
EJECUTANDO:ans_3d8aa7c2-d827-4ac3-95c8-3fcd4ecaa20a
59894655826:SUCCESS
59894655826:ENCOLADO ans_b0796bc1-dc67-4679-9e41-f92fae723351
EJECUTANDO:ans_b0796bc1-dc67-4679-9e41-f92fae723351
59894655826:SUCCESS
59894655826:ENCOLADO ans_60605e6b-497e-47da-927f-65934d91d5be
EJECUTANDO:ans_60605e6b-497e-47da-927f-65934d91d5be
59894655826:SUCCESS
59894655826:ENCOLADO ans_69d764fe-1d51-4498-96a2-ad4eeee82535
EJECUTANDO:ans_69d764fe-1d51-4498-96a2-ad4eeee82535
59894655826:SUCCESS
59894655826:ENCOLADO ans_c9df161f-f4c5-4471-be58-c76c58fef78d
EJECUTANDO:ans_c9df161f-f4c5-4471-be58-c76c58fef78d
59894655826:SUCCESS
59894655826:ENCOLADO ans_7e506338-7215-40fd-9731-f2c268bab557
EJECUTANDO:ans_7e506338-7215-40fd-9731-f2c268bab557
59894655826:SUCCESS
59894655826:ENCOLADO ans_0e5c3535-9cb3-44ac-8098-43a261841fd5
EJECUTANDO:ans_0e5c3535-9cb3-44ac-8098-43a261841fd5
59894655826:SUCCESS
59894655826:ENCOLADO ans_ffa315bc-a5c6-4a4a-aa0b-7584b6085998
EJECUTANDO:ans_ffa315bc-a5c6-4a4a-aa0b-7584b6085998
59894655826:SUCCESS
59894655826:ENCOLADO ans_f1bc6d99-7382-4d35-a78a-bccd01cea1ee
EJECUTANDO:ans_f1bc6d99-7382-4d35-a78a-bccd01cea1ee
59894655826:SUCCESS
59894655826:ENCOLADO ans_155cea89-4a7e-450a-bbd7-dc3bfc74786d
EJECUTANDO:ans_155cea89-4a7e-450a-bbd7-dc3bfc74786d
59894655826:SUCCESS
59894655826:ENCOLADO ans_b55cbe34-fede-4514-b9f5-37dcf9d5f751
EJECUTANDO:ans_b55cbe34-fede-4514-b9f5-37dcf9d5f751
59894655826:SUCCESS
59894655826:ENCOLADO ans_995bae83-7c4e-4fb7-ba89-e42a5e4b162a
EJECUTANDO:ans_995bae83-7c4e-4fb7-ba89-e42a5e4b162a
59894655826:SUCCESS
59894655826:ENCOLADO ans_030480c4-b1ee-41fc-bc40-9095e8941340
EJECUTANDO:ans_030480c4-b1ee-41fc-bc40-9095e8941340
59894655826:SUCCESS
59894655826:ENCOLADO ans_4a901631-db36-4e86-88a3-fbc9431920db
EJECUTANDO:ans_4a901631-db36-4e86-88a3-fbc9431920db
59894655826:SUCCESS
59894655826:ENCOLADO ans_881e7805-75cb-4faf-ad73-95864bc51450
EJECUTANDO:ans_881e7805-75cb-4faf-ad73-95864bc51450
59894655826:SUCCESS
59894655826:ENCOLADO ans_1cdd75af-8f39-4925-9768-86165448e2a8
EJECUTANDO:ans_1cdd75af-8f39-4925-9768-86165448e2a8
59894655826:SUCCESS
